<?xml version="1.0" encoding="UTF-8"?>
<testng-results ignored="0" total="4" passed="4" failed="0" skipped="0">
  <reporter-output>
  </reporter-output>
  <suite started-at="2021-08-19T14:11:51Z" name="Suite" finished-at="2021-08-19T14:12:36Z" duration-ms="44992">
    <groups>
    </groups>
    <test started-at="2021-08-19T14:11:51Z" name="TestGC" finished-at="2021-08-19T14:12:29Z" duration-ms="38312">
      <class name="script.InvalidLogin">
        <test-method is-config="true" signature="openApp(java.lang.String, java.lang.String)[pri:0, instance:script.InvalidLogin@1534f01b]" started-at="2021-08-19T14:12:16Z" name="openApp" finished-at="2021-08-19T14:12:25Z" duration-ms="9460" status="PASS">
          <params>
            <param index="0">
              <value>
                <![CDATA[http://localhost:4444/wd/hub]]>
              </value>
            </param>
            <param index="1">
              <value>
                <![CDATA[chrome]]>
              </value>
            </param>
          </params>
          <reporter-output>
          </reporter-output>
        </test-method> <!-- openApp -->
        <test-method signature="testValidLogin()[pri:2, instance:script.InvalidLogin@1534f01b]" started-at="2021-08-19T14:12:25Z" name="testValidLogin" finished-at="2021-08-19T14:12:29Z" duration-ms="3974" status="PASS">
          <reporter-output>
          </reporter-output>
        </test-method> <!-- testValidLogin -->
        <test-method is-config="true" signature="closeApp()[pri:0, instance:script.InvalidLogin@1534f01b]" started-at="2021-08-19T14:12:29Z" name="closeApp" finished-at="2021-08-19T14:12:29Z" duration-ms="169" status="PASS">
          <reporter-output>
          </reporter-output>
        </test-method> <!-- closeApp -->
      </class> <!-- script.InvalidLogin -->
      <class name="script.ValidLogin">
        <test-method is-config="true" signature="openApp(java.lang.String, java.lang.String)[pri:0, instance:script.ValidLogin@78e117e3]" started-at="2021-08-19T14:11:51Z" name="openApp" finished-at="2021-08-19T14:12:04Z" duration-ms="13397" status="PASS">
          <params>
            <param index="0">
              <value>
                <![CDATA[http://localhost:4444/wd/hub]]>
              </value>
            </param>
            <param index="1">
              <value>
                <![CDATA[chrome]]>
              </value>
            </param>
          </params>
          <reporter-output>
          </reporter-output>
        </test-method> <!-- openApp -->
        <test-method signature="testValidLogin()[pri:1, instance:script.ValidLogin@78e117e3]" started-at="2021-08-19T14:12:04Z" name="testValidLogin" finished-at="2021-08-19T14:12:15Z" duration-ms="10736" status="PASS">
          <reporter-output>
          </reporter-output>
        </test-method> <!-- testValidLogin -->
        <test-method is-config="true" signature="closeApp()[pri:0, instance:script.ValidLogin@78e117e3]" started-at="2021-08-19T14:12:15Z" name="closeApp" finished-at="2021-08-19T14:12:16Z" duration-ms="515" status="PASS">
          <reporter-output>
          </reporter-output>
        </test-method> <!-- closeApp -->
      </class> <!-- script.ValidLogin -->
    </test> <!-- TestGC -->
    <test started-at="2021-08-19T14:11:51Z" name="TestFF" finished-at="2021-08-19T14:12:36Z" duration-ms="44992">
      <class name="script.InvalidLogin">
        <test-method is-config="true" signature="openApp(java.lang.String, java.lang.String)[pri:0, instance:script.InvalidLogin@3c419631]" started-at="2021-08-19T14:12:16Z" name="openApp" finished-at="2021-08-19T14:12:32Z" duration-ms="15461" status="PASS">
          <params>
            <param index="0">
              <value>
                <![CDATA[http://localhost:4444/wd/hub]]>
              </value>
            </param>
            <param index="1">
              <value>
                <![CDATA[firefox]]>
              </value>
            </param>
          </params>
          <reporter-output>
          </reporter-output>
        </test-method> <!-- openApp -->
        <test-method signature="testValidLogin()[pri:2, instance:script.InvalidLogin@3c419631]" started-at="2021-08-19T14:12:32Z" name="testValidLogin" finished-at="2021-08-19T14:12:34Z" duration-ms="2447" status="PASS">
          <reporter-output>
          </reporter-output>
        </test-method> <!-- testValidLogin -->
        <test-method is-config="true" signature="closeApp()[pri:0, instance:script.InvalidLogin@3c419631]" started-at="2021-08-19T14:12:34Z" name="closeApp" finished-at="2021-08-19T14:12:36Z" duration-ms="1611" status="PASS">
          <reporter-output>
          </reporter-output>
        </test-method> <!-- closeApp -->
      </class> <!-- script.InvalidLogin -->
      <class name="script.ValidLogin">
        <test-method is-config="true" signature="openApp(java.lang.String, java.lang.String)[pri:0, instance:script.ValidLogin@418e7838]" started-at="2021-08-19T14:11:51Z" name="openApp" finished-at="2021-08-19T14:12:11Z" duration-ms="19506" status="PASS">
          <params>
            <param index="0">
              <value>
                <![CDATA[http://localhost:4444/wd/hub]]>
              </value>
            </param>
            <param index="1">
              <value>
                <![CDATA[firefox]]>
              </value>
            </param>
          </params>
          <reporter-output>
          </reporter-output>
        </test-method> <!-- openApp -->
        <test-method signature="testValidLogin()[pri:1, instance:script.ValidLogin@418e7838]" started-at="2021-08-19T14:12:11Z" name="testValidLogin" finished-at="2021-08-19T14:12:13Z" duration-ms="2806" status="PASS">
          <reporter-output>
          </reporter-output>
        </test-method> <!-- testValidLogin -->
        <test-method is-config="true" signature="closeApp()[pri:0, instance:script.ValidLogin@418e7838]" started-at="2021-08-19T14:12:13Z" name="closeApp" finished-at="2021-08-19T14:12:16Z" duration-ms="3097" status="PASS">
          <reporter-output>
          </reporter-output>
        </test-method> <!-- closeApp -->
      </class> <!-- script.ValidLogin -->
    </test> <!-- TestFF -->
  </suite> <!-- Suite -->
</testng-results>
